"../../../Engine/Content/EngineMaterials/T_Default_Material_Grid_N.uasset" 0
"../../../Engine/Content/EngineMaterials/T_Default_Material_Grid_M.uasset" 1
"../../../Engine/Content/Functions/Engine_MaterialFunctions01/Opacity/CameraDepthFade.uasset" 2
"../../../Engine/Content/EngineMaterials/WorldGridMaterial.uasset" 3
"../../../Engine/Content/BasicShapes/Cube.uasset" 4
"../../../../../../Users/m/Documents/Unreal Projects/mg-occupied-block/Content/Materials/M_Block.uasset" 5
"../../../../../../Users/m/Documents/Unreal Projects/mg-occupied-block/Content/Materials/MI_BlockBorder.uasset" 6
"../../../../../../Users/m/Documents/Unreal Projects/mg-occupied-block/Content/Blueprints/Blocks/BP_Block_Checkerboard.uasset" 7
"../../../../../../Users/m/Documents/Unreal Projects/mg-occupied-block/Content/Blueprints/Checkerboard/BP_Checkerboard_01.uasset" 8
"../../../../../../Users/m/Documents/Unreal Projects/mg-occupied-block/Content/Blueprints/Checkerboard/BP_Checkerboard_02.uasset" 9
"../../../../../../Users/m/Documents/Unreal Projects/mg-occupied-block/Content/Blueprints/Datas/Enum_PlaygroundFocusPoint.uasset" 10
"../../../../../../Users/m/Documents/Unreal Projects/mg-occupied-block/Content/Blueprints/Strus/Stru_BlockLocaitonSide.uasset" 11
"../../../Engine/Content/Functions/Engine_MaterialFunctions01/Density/ExponentialDensity.uasset" 12
"../../../Engine/Content/Functions/Engine_MaterialFunctions01/Gradient/RadialGradientExponential.uasset" 13
"../../../../../../Users/m/Documents/Unreal Projects/mg-occupied-block/Content/Materials/UMG/M_CircleMask1.uasset" 14
"../../../Engine/Content/Functions/Engine_MaterialFunctions02/Utility/VectorLength.uasset" 15
"../../../Engine/Content/Functions/Engine_MaterialFunctions01/Gradient/GeneratedRoundRect.uasset" 16
"../../../../../../Users/m/Documents/Unreal Projects/mg-occupied-block/Content/Materials/UMG/M_RoundRectMask.uasset" 17
"../../../Engine/Content/ArtTools/RenderToTexture/Meshes/S_1_Unit_Plane.uasset" 18
"../../../Engine/Content/EngineMaterials/DefaultMaterial.uasset" 19
"../../../Engine/Content/BasicShapes/Sphere.uasset" 20
"../../../Engine/Content/EditorLandscapeResources/DataLayer.uasset" 21
"../../../Engine/Content/EditorLandscapeResources/DefaultAlphaTexture.uasset" 22
"../../../Engine/Content/EditorMaterials/MAT_Groups_Toggle.uasset" 23
"../../../Engine/Content/EditorMaterials/MAT_Groups_Visibility.uasset" 24
"../../../Engine/Content/EditorMaterials/PreviewShadowIndicator.uasset" 25
"../../../Engine/Content/EditorMaterials/PreviewShadowIndicatorMaterial.uasset" 26
"../../../Engine/Content/EditorMaterials/MatineeGroups/MAT_ColorTrack.uasset" 27
"../../../Engine/Content/EditorMaterials/MatineeGroups/MAT_Groups_Anim.uasset" 28
"../../../Engine/Content/EditorMaterials/MatineeGroups/MAT_Groups_AudioMaster.uasset" 29
"../../../Engine/Content/EditorMaterials/MatineeGroups/MAT_Groups_Director.uasset" 30
"../../../Engine/Content/EditorMaterials/MatineeGroups/MAT_Groups_Event.uasset" 31
"../../../Engine/Content/EditorMaterials/MatineeGroups/MAT_Groups_Fade.uasset" 32
"../../../Engine/Content/EditorMaterials/MatineeGroups/MAT_Groups_Float.uasset" 33
"../../../Engine/Content/EditorMaterials/MatineeGroups/MAT_Groups_Move.uasset" 34
"../../../Engine/Content/EditorMaterials/MatineeGroups/MAT_Groups_Slomo.uasset" 35
"../../../Engine/Content/EditorMaterials/MatineeGroups/MAT_Groups_Sound.uasset" 36
"../../../Engine/Content/EditorMaterials/MatineeGroups/MAT_Groups_Vector.uasset" 37
"../../../Engine/Content/EditorMaterials/ParticleSystems/PSysThumbnail_NoImage.uasset" 38
"../../../Engine/Content/EditorMaterials/ParticleSystems/PSysThumbnail_OOD.uasset" 39
"../../../Engine/Content/EditorMaterials/Camera/CineMat.uasset" 40
"../../../Engine/Content/EditorMaterials/Camera/MI_CineMat_Rig.uasset" 41
"../../../Engine/Content/EditorMeshes/Camera/SM_CraneRig_Arm.uasset" 42
"../../../Engine/Content/EditorMeshes/Camera/SM_CraneRig_Base.uasset" 43
"../../../Engine/Content/EditorMeshes/Camera/SM_CraneRig_Body.uasset" 44
"../../../Engine/Content/EditorMeshes/Camera/SM_CraneRig_Mount.uasset" 45
"../../../Engine/Content/EditorMeshes/Camera/SM_RailRig_Mount.uasset" 46
"../../../Engine/Content/EditorMeshes/Camera/SM_RailRig_Track.uasset" 47
"../../../Engine/Content/EditorResources/BSPVertex.uasset" 48
"../../../Engine/Content/EditorResources/EmptyActor.uasset" 49
"../../../Engine/Content/EditorResources/S_Actor.uasset" 50
"../../../Engine/Content/EditorResources/S_Note.uasset" 51
"../../../Engine/Content/EditorResources/S_Solver.uasset" 52
"../../../Engine/Content/EditorResources/S_Terrain.uasset" 53
"../../../Engine/Content/EditorResources/S_Trigger.uasset" 54
"../../../Engine/Content/EditorResources/LightIcons/S_LightError.uasset" 55
"../../../Engine/Content/EditorResources/SequenceRecorder/Countdown.uasset" 56
"../../../Engine/Content/EditorResources/SequenceRecorder/RecordingIndicator.uasset" 57
"../../../Engine/Content/EngineDamageTypes/DmgTypeBP_Environmental.uasset" 58
"../../../Engine/Content/EngineDebugMaterials/DebugEditorMaterial.uasset" 59
"../../../Engine/Content/EngineDebugMaterials/DebugMeshMaterial.uasset" 60
"../../../Engine/Content/EngineDebugMaterials/M_SimpleUnlitTranslucent.uasset" 61
"../../../Engine/Content/EngineDebugMaterials/VolumeToRender.uasset" 62
"../../../Engine/Content/Functions/Engine_MaterialFunctions02/Utility/CameraDirectionVector.uasset" 63
"../../../Engine/Content/EngineDebugMaterials/M_VolumeRenderSphereTracePP.uasset" 64
"../../../Engine/Content/Functions/Engine_MaterialFunctions01/Shading/ConvertFromDiffSpec.uasset" 65
"../../../Engine/Content/EngineDebugMaterials/VertexColorMaterial.uasset" 66
"../../../Engine/Content/EngineDebugMaterials/WireframeMaterial.uasset" 67
"../../../Engine/Content/EngineFonts/Faces/RobotoRegular.uasset" 68
"../../../Engine/Content/EngineFonts/Faces/RobotoLight.uasset" 69
"../../../Engine/Content/EngineFonts/Faces/RobotoItalic.uasset" 70
"../../../Engine/Content/EngineFonts/Faces/RobotoBoldItalic.uasset" 71
"../../../Engine/Content/EngineFonts/Faces/RobotoBold.uasset" 72
"../../../Engine/Content/EngineFonts/Faces/DroidSansFallback.uasset" 73
"../../../Engine/Content/EngineFonts/Roboto.uasset" 74
"../../../Engine/Content/EngineMaterials/BaseFlattenNormalMap.uasset" 75
"../../../Engine/Content/EngineMaterials/BaseFlattenGrayscaleMap.uasset" 76
"../../../Engine/Content/EngineMaterials/BaseFlattenEmissiveMap.uasset" 77
"../../../Engine/Content/EngineMaterials/BaseFlattenDiffuseMap.uasset" 78
"../../../Engine/Content/EngineMaterials/BaseFlattenMaterial.uasset" 79
"../../../Engine/Content/EngineMaterials/BlueNoise.uasset" 80
"../../../Engine/Content/EngineMaterials/DefaultBloomKernel.uasset" 81
"../../../Engine/Content/EngineMaterials/DefaultBokeh.uasset" 82
"../../../Engine/Content/EngineMaterials/DefaultDiffuse.uasset" 83
"../../../Engine/Content/EngineMaterials/DefaultDeferredDecalMaterial.uasset" 84
"../../../Engine/Content/EngineMaterials/DefaultLightFunctionMaterial.uasset" 85
"../../../Engine/Content/EngineMaterials/DefaultPhysicalMaterial.uasset" 86
"../../../Engine/Content/Functions/Engine_MaterialFunctions02/Utility/BreakOutFloat2Components.uasset" 87
"../../../Engine/Content/EngineMaterials/DefaultPostProcessMaterial.uasset" 88
"../../../Engine/Content/EngineFonts/RobotoDistanceField.uasset" 89
"../../../Engine/Content/EngineMaterials/DefaultTextMaterialOpaque.uasset" 90
"../../../Engine/Content/EngineMaterials/DefaultWhiteGrid.uasset" 91
"../../../Engine/Content/EngineMaterials/DefaultWhiteGrid_Low.uasset" 92
"../../../Engine/Content/EngineMaterials/EmissiveMeshMaterial.uasset" 93
"../../../Engine/Content/EngineMaterials/GizmoMaterial.uasset" 94
"../../../Engine/Content/EngineMaterials/Good64x64TilingNoiseHighFreq.uasset" 95
"../../../Engine/Content/EngineMaterials/MiniFont.uasset" 96
"../../../Engine/Content/EngineMaterials/InvalidLightmapSettings.uasset" 97
"../../../Engine/Content/EngineMaterials/M_InvalidLightmapSettings.uasset" 98
"../../../Engine/Content/Functions/Engine_MaterialFunctions02/WorldPositionOffset/CameraOffset.uasset" 99
"../../../Engine/Content/EngineMaterials/PhAT_JointLimitMaterial.uasset" 100
"../../../Engine/Content/EngineMaterials/PreintegratedSkinBRDF.uasset" 101
"../../../Engine/Content/EngineMaterials/RemoveSurfaceMaterial.uasset" 102
"../../../Engine/Content/EngineMaterials/WeightMapPlaceholderTexture.uasset" 103
"../../../Engine/Content/EngineResources/WhiteSquareTexture.uasset" 104
"../../../Engine/Content/EngineMaterials/Widget3DPassThrough.uasset" 105
"../../../Engine/Content/EngineMaterials/Widget3DPassThrough_Masked.uasset" 106
"../../../Engine/Content/EngineMaterials/Widget3DPassThrough_Opaque.uasset" 107
"../../../Engine/Content/EngineMaterials/Widget3DPassThrough_Masked_OneSided.uasset" 108
"../../../Engine/Content/EngineMaterials/Widget3DPassThrough_Opaque_OneSided.uasset" 109
"../../../Engine/Content/EngineMaterials/Widget3DPassThrough_Translucent.uasset" 110
"../../../Engine/Content/EngineMaterials/Widget3DPassThrough_Translucent_OneSided.uasset" 111
"../../../Engine/Content/EngineMeshes/Cylinder.uasset" 112
"../../../Engine/Content/EngineMeshes/Sphere.uasset" 113
"../../../Engine/Content/EngineResources/Black.uasset" 114
"../../../Engine/Content/EngineResources/DefaultTextureCube.uasset" 115
"../../../Engine/Content/EngineResources/DefaultVolumeTexture2D.uasset" 116
"../../../Engine/Content/EngineResources/DefaultVolumeTexture.uasset" 117
"../../../Engine/Content/EngineResources/GradientTexture0.uasset" 118
"../../../Engine/Content/EngineSky/VolumetricClouds/T_NoiseShape64.uasset" 119
"../../../Engine/Content/EngineSky/VolumetricClouds/T_VolumeNoiseShape64.uasset" 120
"../../../Engine/Content/EngineSky/VolumetricClouds/T_NoiseErosion.uasset" 121
"../../../Engine/Content/EngineSky/VolumetricClouds/T_VolumeNoiseErosion32.uasset" 122
"../../../Engine/Content/EngineSky/VolumetricClouds/CloudWeatherTexture.uasset" 123
"../../../Engine/Content/EngineSky/VolumetricClouds/CloudGradientTexture.uasset" 124
"../../../Engine/Content/Functions/Engine_MaterialFunctions02/Utility/MakeFloat2.uasset" 125
"../../../Engine/Content/EngineSky/VolumetricClouds/m_SimpleVolumetricCloud.uasset" 126
"../../../Engine/Content/EngineSky/VolumetricClouds/m_SimpleVolumetricCloud_Inst.uasset" 127
"../../../Engine/Content/EngineSounds/Master.uasset" 128
"../../../Engine/Content/Functions/Engine_MaterialFunctions01/Shading/PowerToRoughness.uasset" 129
"../../../Engine/Content/Maps/Templates/Thumbnails/Default.uasset" 130
"../../../Engine/Content/Maps/Templates/Thumbnails/TimeOfDay.uasset" 131
"../../../Engine/Content/Maps/Templates/Thumbnails/VR-Basic.uasset" 132
"../../../Engine/Content/MobileResources/T_MobileControls_texture.uasset" 133
"../../../Engine/Content/MobileResources/T_MobileMenu2.uasset" 134
"../../../Engine/Content/MobileResources/HUD/AnalogHat.uasset" 135
"../../../Engine/Content/MobileResources/HUD/VirtualJoystick_Thumb.uasset" 136
"../../../Engine/Content/MobileResources/HUD/VirtualJoystick_Background.uasset" 137
"../../../Engine/Content/MobileResources/HUD/DefaultVirtualJoysticks.uasset" 138
"../../../Engine/Content/MobileResources/HUD/LeftVirtualJoystickOnly.uasset" 139
"../../../Engine/Content/MobileResources/HUD/MobileHUDButton1_off.uasset" 140
"../../../Engine/Content/MobileResources/HUD/MobileHUDButton1_on.uasset" 141
"../../../Engine/Content/MobileResources/HUD/MobileHUDButton2_off.uasset" 142
"../../../Engine/Content/MobileResources/HUD/MobileHUDButton2_on.uasset" 143
"../../../Engine/Content/MobileResources/HUD/MobileHUDButton3.uasset" 144
"../../../Engine/Content/MobileResources/HUD/MobileHUDButtonFire.uasset" 145
"../../../Engine/Content/MobileResources/HUD/MobileHUDDirectionPad.uasset" 146
"../../../Engine/Content/MobileResources/HUD/MobileHUDDirectionPad2.uasset" 147
"../../../Engine/Content/MobileResources/HUD/MobileHUDDirectionPad3.uasset" 148
"../../../Engine/Content/MobileResources/HUD/MobileHUDDirectionStick.uasset" 149
"../../../Engine/Content/MobileResources/HUD/T_Castle_ThumbstickInner.uasset" 150
"../../../Engine/Content/MobileResources/HUD/T_Castle_ThumbstickOutter.uasset" 151
"../../../Engine/Content/Tutorial/ContentIntroCurve.uasset" 152
"../../../Engine/Content/Tutorial/Basics/LevelEditorAttract.uasset" 153
"../../../Engine/Content/VREditor/TransformGizmo/TranslucentTransformGizmoMaterial.uasset" 154
"../../../Engine/Content/VREditor/LaserPointer/VR_LaserPower_01.uasset" 155
"../../../Engine/Content/VREditor/TransformGizmo/TransformGizmoMaterial.uasset" 156
"../../../Engine/Content/VREditor/TransformGizmo/BoundingBoxCorner.uasset" 157
"../../../Engine/Content/VREditor/TransformGizmo/BoundingBoxEdge.uasset" 158
"../../../Engine/Content/VREditor/TransformGizmo/PlaneTranslationHandle.uasset" 159
"../../../Engine/Content/VREditor/TransformGizmo/Xray.uasset" 160
"../../../Engine/Content/VREditor/TransformGizmo/Main.uasset" 161
"../../../Engine/Content/VREditor/TransformGizmo/SM_Sequencer_Key.uasset" 162
"../../../Engine/Content/VREditor/TransformGizmo/SM_Sequencer_Node.uasset" 163
"../../Plugins/2D/Paper2D/Content/PlaceholderTextures/DummySpriteTexture.uasset" 164
"../../Plugins/2D/Paper2D/Content/DummySprite.uasset" 165
"../../Plugins/2D/Paper2D/Content/DefaultPaperTerrainMaterial.uasset" 166
"../../Plugins/2D/Paper2D/Content/DefaultSpriteMaterial.uasset" 167
"../../Plugins/2D/Paper2D/Content/MaskedUnlitSpriteMaterial.uasset" 168
"../../Plugins/2D/Paper2D/Content/OpaqueUnlitSpriteMaterial.uasset" 169
"../../../Engine/Content/Functions/Engine_MaterialFunctions02/Utility/BreakOutFloat3Components.uasset" 170
"../../Plugins/Editor/SpeedTreeImporter/Content/SpeedTree9/UnpackInteger3.uasset" 171
"../../Plugins/Editor/SpeedTreeImporter/Content/SpeedTree9/UnpackDirection.uasset" 172
"../../Plugins/Editor/SpeedTreeImporter/Content/SpeedTree9/game_wind_noise.uasset" 173
"../../../Engine/Content/Functions/Engine_MaterialFunctions02/SafeNormalize.uasset" 174
"../../Plugins/Editor/SpeedTreeImporter/Content/SpeedTree9/SpeedTreeWindMotion.uasset" 175
"../../Plugins/Editor/SpeedTreeImporter/Content/SpeedTree9/SpeedTreeBranchMotion.uasset" 176
"../../../Engine/Content/Functions/Engine_MaterialFunctions02/ObjectLocalBounds.uasset" 177
"../../../Engine/Content/Functions/Engine_MaterialFunctions02/UVs/BoundingBoxBased_0-1_UVW.uasset" 178
"../../Plugins/Editor/SpeedTreeImporter/Content/SpeedTree9/SpeedTreeWind.uasset" 179
"../../Plugins/Editor/SpeedTreeImporter/Content/SpeedTree9/SpeedTreeBillboard.uasset" 180
"../../../Engine/Content/EngineResources/DefaultTexture.uasset" 181
"../../Plugins/Editor/SpeedTreeImporter/Content/SpeedTree9/SpeedTreeBillboardMaster.uasset" 182
"../../Plugins/Editor/SpeedTreeImporter/Content/SpeedTree9/SpeedTreeCameraFacing.uasset" 183
"../../Plugins/Editor/SpeedTreeImporter/Content/SpeedTree9/SpeedTreeMaster.uasset" 184
"../../../Engine/Content/BasicShapes/Cylinder.uasset" 185
"../../../Engine/Content/ArtTools/RenderToTexture/Materials/Debug/M_Emissive_Color.uasset" 186
"../../Plugins/Lumin/MagicLeapPassableWorld/Content/MagicLeapARPinInfoActor.uasset" 187
"../../../Engine/Content/Functions/Engine_MaterialFunctions02/Utility/BreakOutFloat4Components.uasset" 188
"../../../Engine/Content/Functions/Engine_MaterialFunctions02/Utility/MakeFloat3.uasset" 189
"../../Plugins/Runtime/Oculus/OculusVR/Content/Materials/OculusMR_ChromaKey.uasset" 190
"../../Plugins/Runtime/Oculus/OculusVR/Content/Materials/OculusMR_OpaqueColoredMaterial.uasset" 191
"../../Plugins/Runtime/Oculus/OculusVR/Content/Materials/PokeAHoleMaterial.uasset" 192
"../../../../../../Users/m/Documents/Unreal Projects/mg-occupied-block/Content/Textures/avatar_04.uasset" 193
"../../../../../../Users/m/Documents/Unreal Projects/mg-occupied-block/Content/Textures/avatar_03.uasset" 194
"../../../../../../Users/m/Documents/Unreal Projects/mg-occupied-block/Content/Textures/avatar_02.uasset" 195
"../../../../../../Users/m/Documents/Unreal Projects/mg-occupied-block/Content/Textures/avatar_01.uasset" 196
"../../../Engine/Content/MapTemplates/SM_Template_Map_Floor.uasset" 197
"../../../Engine/Content/EngineSky/T_Sky_Stars.uasset" 198
"../../../Engine/Content/EngineSky/T_Sky_Clouds_M.uasset" 199
"../../../Engine/Content/EngineSky/T_Sky_Blue.uasset" 200
"../../../../../../Users/m/Documents/Unreal Projects/mg-occupied-block/Content/Materials/M_Ground.uasset" 201
"../../../Engine/Content/EngineSky/M_Sky_Panning_Clouds2.uasset" 202
"../../../../../../Users/m/Documents/Unreal Projects/mg-occupied-block/Content/Materials/UMG/M_CircleMask.uasset" 203
"../../../../../../Users/m/Documents/Unreal Projects/mg-occupied-block/Content/UMG/Modal/BPW_Transition.uasset" 204
"../../../../../../Users/m/Documents/Unreal Projects/mg-occupied-block/Content/Textures/icon-next.uasset" 205
"../../../../../../Users/m/Documents/Unreal Projects/mg-occupied-block/Content/UMG/Modal/BPW_Modal.uasset" 206
"../../../../../../Users/m/Documents/Unreal Projects/mg-occupied-block/Content/Materials/UMG/M_Dot.uasset" 207
"../../../../../../Users/m/Documents/Unreal Projects/mg-occupied-block/Content/Textures/icon-disable.uasset" 208
"../../../Engine/Content/EditorBlueprintResources/StandardMacros.uasset" 209
"../../../../../../Users/m/Documents/Unreal Projects/mg-occupied-block/Content/UMG/BPW_PlayerScoreboard.uasset" 210
"../../../../../../Users/m/Documents/Unreal Projects/mg-occupied-block/Content/UMG/BPW_HorizontalLayout.uasset" 211
"../../../../../../Users/m/Documents/Unreal Projects/mg-occupied-block/Content/Blueprints/BP_PlayerController.uasset" 212
"../../../../../../Users/m/Documents/Unreal Projects/mg-occupied-block/Content/Blueprints/BP_PlayerCamera.uasset" 213
"../../../../../../Users/m/Documents/Unreal Projects/mg-occupied-block/Content/Blueprints/TMP_GameMode.uasset" 214
"../../../Engine/Content/BasicShapes/Cone.uasset" 215
"../../../../../../Users/m/Documents/Unreal Projects/mg-occupied-block/Content/UMG/BPW_TextBlock.uasset" 216
"../../../../../../Users/m/Documents/Unreal Projects/mg-occupied-block/Content/Materials/M_SelectedGuideCone.uasset" 217
"../../../../../../Users/m/Documents/Unreal Projects/mg-occupied-block/Content/Blueprints/Strus/Stru_PlayerState.uasset" 218
"../../../../../../Users/m/Documents/Unreal Projects/mg-occupied-block/Content/Blueprints/Interfaces/BPI_GameStageOperation.uasset" 219
"../../../../../../Users/m/Documents/Unreal Projects/mg-occupied-block/Content/Blueprints/Datas/Enum_GameStage.uasset" 220
"../../../../../../Users/m/Documents/Unreal Projects/mg-occupied-block/Content/Blueprints/GameStageStateMachine/BP_GameStageStateMachine.uasset" 221
"../../../../../../Users/m/Documents/Unreal Projects/mg-occupied-block/Content/Blueprints/GameStageStateMachine/BP_GSSM_TurnEnd.uasset" 222
"../../../../../../Users/m/Documents/Unreal Projects/mg-occupied-block/Content/Blueprints/Strus/Stru_PlayerInfo.uasset" 223
"../../../../../../Users/m/Documents/Unreal Projects/mg-occupied-block/Content/Blueprints/GameStageStateMachine/BP_GSSM_TurnBegin.uasset" 224
"../../../../../../Users/m/Documents/Unreal Projects/mg-occupied-block/Content/Blueprints/Strus/Stru_CheckTetrominoVacancieResult.uasset" 225
"../../../../../../Users/m/Documents/Unreal Projects/mg-occupied-block/Content/Curves/Curve_TetrominoShake.uasset" 226
"../../../Engine/Content/BasicShapes/Plane.uasset" 227
"../../../../../../Users/m/Documents/Unreal Projects/mg-occupied-block/Content/Materials/M_Disable.uasset" 228
"../../../../../../Users/m/Documents/Unreal Projects/mg-occupied-block/Content/Blueprints/Datas/Tetromino/BP_TetrominoOrigin_01.uasset" 229
"../../../../../../Users/m/Documents/Unreal Projects/mg-occupied-block/Content/Blueprints/Blocks/BP_Block_Tetromino.uasset" 230
"../../../../../../Users/m/Documents/Unreal Projects/mg-occupied-block/Content/Blueprints/BP_Tetromino.uasset" 231
"../../../../../../Users/m/Documents/Unreal Projects/mg-occupied-block/Content/Blueprints/GameStageStateMachine/BP_GSSM_Selecting.uasset" 232
"../../../../../../Users/m/Documents/Unreal Projects/mg-occupied-block/Content/Blueprints/GameStageStateMachine/BP_GSSM_RoundEnd.uasset" 233
"../../../../../../Users/m/Documents/Unreal Projects/mg-occupied-block/Content/Blueprints/GameStageStateMachine/BP_GSSM_RoundBegin.uasset" 234
"../../../../../../Users/m/Documents/Unreal Projects/mg-occupied-block/Content/Blueprints/GameStageStateMachine/BP_GSSM_Putting.uasset" 235
"../../../../../../Users/m/Documents/Unreal Projects/mg-occupied-block/Content/Blueprints/GameStageStateMachine/BP_GSSM_GameEnd.uasset" 236
"../../../../../../Users/m/Documents/Unreal Projects/mg-occupied-block/Content/Blueprints/BP_CheckerboardController.uasset" 237
"../../../../../../Users/m/Documents/Unreal Projects/mg-occupied-block/Content/Blueprints/GameStageStateMachine/BP_GSSM_GameBegin.uasset" 238
"../../../../../../Users/m/Documents/Unreal Projects/mg-occupied-block/Content/Blueprints/Datas/Tetromino/BP_TetrominoOrigin_06.uasset" 239
"../../../../../../Users/m/Documents/Unreal Projects/mg-occupied-block/Content/Blueprints/Datas/Tetromino/BP_TetrominoOrigin_05.uasset" 240
"../../../../../../Users/m/Documents/Unreal Projects/mg-occupied-block/Content/Blueprints/Datas/Tetromino/BP_TetrominoOrigin_04.uasset" 241
"../../../../../../Users/m/Documents/Unreal Projects/mg-occupied-block/Content/Blueprints/Datas/Tetromino/BP_TetrominoOrigin_03.uasset" 242
"../../../../../../Users/m/Documents/Unreal Projects/mg-occupied-block/Content/Blueprints/Datas/Tetromino/BP_TetrominoOrigin_02.uasset" 243
"../../../../../../Users/m/Documents/Unreal Projects/mg-occupied-block/Content/Blueprints/Checkerboard/BP_Checkerboard_07.uasset" 244
"../../../../../../Users/m/Documents/Unreal Projects/mg-occupied-block/Content/Blueprints/Checkerboard/BP_Checkerboard_06.uasset" 245
"../../../../../../Users/m/Documents/Unreal Projects/mg-occupied-block/Content/Blueprints/Checkerboard/BP_Checkerboard_05.uasset" 246
"../../../../../../Users/m/Documents/Unreal Projects/mg-occupied-block/Content/Blueprints/Checkerboard/BP_Checkerboard_04.uasset" 247
"../../../../../../Users/m/Documents/Unreal Projects/mg-occupied-block/Content/Blueprints/Checkerboard/BP_Checkerboard_03.uasset" 248
"../../../../../../Users/m/Documents/Unreal Projects/mg-occupied-block/Content/Blueprints/BP_GamePlayground.uasset" 249
"../../../Engine/Content/EngineSky/SM_SkySphere.uasset" 250
"../../../Engine/Content/EngineSky/C_Sky_Zenith_Color.uasset" 251
"../../../Engine/Content/EngineSky/C_Sky_Horizon_Color.uasset" 252
"../../../Engine/Content/EngineSky/C_Sky_Cloud_Color.uasset" 253
"../../../Engine/Content/EngineSky/BP_Sky_Sphere.uasset" 254
"../../../../../../Users/m/Documents/Unreal Projects/mg-occupied-block/Content/Maps/MainMap_BuiltData.uasset" 255
"../../../../../../Users/m/Documents/Unreal Projects/mg-occupied-block/Content/Maps/MainMap.umap" 256
"../../../Engine/Content/Maps/Entry_BuiltData.uasset" 257
"../../../Engine/Content/Maps/Entry.umap" 258
